# JRE version: Java(TM) SE Runtime Environment (20.0.2+9) (build 20.0.2+9-78)
# Java VM: Java HotSpot(TM) 64-Bit Server VM (20.0.2+9-78, mixed mode, sharing, tiered, compressed oops, compressed class ptrs, g1 gc, windows-amd64)
GC Precious Log:
 CardTable entry size: 512
 Card Set container configuration: InlinePtr #cards 5 size 8 Array Of Cards #cards 12 size 40 Howl #buckets 4 coarsen threshold 1843 Howl Bitmap #cards 512 size 80 coarsen threshold 460 Card regions per heap region 1 cards per card region 2048
 CPUs: 4 total, 4 available
 Memory: 3919M
 Large Page Support: Disabled
 NUMA Support: Disabled
 Compressed Oops: Enabled (32-bit)
 Heap Region Size: 1M
 Heap Min Capacity: 8M
 Heap Initial Capacity: 62M
 Heap Max Capacity: 980M
 Pre-touch: Disabled
 Parallel Workers: 4
 Concurrent Workers: 1
 Concurrent Refinement Workers: 4
 Periodic GC: Disabled
Heap:
 garbage-first heap   total 118784K, used 21563K [0x00000000c2c00000, 0x0000000100000000)
  region size 1024K, 1 young (1024K), 1 survivors (1024K)
 Metaspace       used 16374K, committed 16768K, reserved 1114112K
  class space    used 2037K, committed 2240K, reserved 1048576K
GC Heap History (20 events):
Event: 63.321 GC heap after
{Heap after GC invocations=208 (full 0):
 garbage-first heap   total 118784K, used 21561K [0x00000000c2c00000, 0x0000000100000000)
  region size 1024K, 1 young (1024K), 1 survivors (1024K)
 Metaspace       used 16374K, committed 16768K, reserved 1114112K
  class space    used 2037K, committed 2240K, reserved 1048576K
}
Event: 63.406 GC heap before
{Heap before GC invocations=208 (full 0):
 garbage-first heap   total 118784K, used 91193K [0x00000000c2c00000, 0x0000000100000000)
  region size 1024K, 69 young (70656K), 1 survivors (1024K)
 Metaspace       used 16374K, committed 16768K, reserved 1114112K
  class space    used 2037K, committed 2240K, reserved 1048576K
}
Event: 63.407 GC heap after
{Heap after GC invocations=209 (full 0):
 garbage-first heap   total 118784K, used 21563K [0x00000000c2c00000, 0x0000000100000000)
  region size 1024K, 1 young (1024K), 1 survivors (1024K)
 Metaspace       used 16374K, committed 16768K, reserved 1114112K
  class space    used 2037K, committed 2240K, reserved 1048576K
}
Event: 63.488 GC heap before
{Heap before GC invocations=209 (full 0):
 garbage-first heap   total 118784K, used 91195K [0x00000000c2c00000, 0x0000000100000000)
  region size 1024K, 69 young (70656K), 1 survivors (1024K)
 Metaspace       used 16374K, committed 16768K, reserved 1114112K
  class space    used 2037K, committed 2240K, reserved 1048576K
}
Event: 63.489 GC heap after
{Heap after GC invocations=210 (full 0):
 garbage-first heap   total 118784K, used 21561K [0x00000000c2c00000, 0x0000000100000000)
  region size 1024K, 1 young (1024K), 1 survivors (1024K)
 Metaspace       used 16374K, committed 16768K, reserved 1114112K
  class space    used 2037K, committed 2240K, reserved 1048576K
}
Event: 63.617 GC heap before
{Heap before GC invocations=210 (full 0):
 garbage-first heap   total 118784K, used 91193K [0x00000000c2c00000, 0x0000000100000000)
  region size 1024K, 69 young (70656K), 1 survivors (1024K)
 Metaspace       used 16374K, committed 16768K, reserved 1114112K
  class space    used 2037K, committed 2240K, reserved 1048576K
}
Event: 63.618 GC heap after
{Heap after GC invocations=211 (full 0):
 garbage-first heap   total 118784K, used 21561K [0x00000000c2c00000, 0x0000000100000000)
  region size 1024K, 1 young (1024K), 1 survivors (1024K)
 Metaspace       used 16374K, committed 16768K, reserved 1114112K
  class space    used 2037K, committed 2240K, reserved 1048576K
}
Event: 63.716 GC heap before
{Heap before GC invocations=211 (full 0):
 garbage-first heap   total 118784K, used 91193K [0x00000000c2c00000, 0x0000000100000000)
  region size 1024K, 69 young (70656K), 1 survivors (1024K)
 Metaspace       used 16374K, committed 16768K, reserved 1114112K
  class space    used 2037K, committed 2240K, reserved 1048576K
}
Event: 63.717 GC heap after
{Heap after GC invocations=212 (full 0):
 garbage-first heap   total 118784K, used 21563K [0x00000000c2c00000, 0x0000000100000000)
  region size 1024K, 1 young (1024K), 1 survivors (1024K)
 Metaspace       used 16374K, committed 16768K, reserved 1114112K
  class space    used 2037K, committed 2240K, reserved 1048576K
}
Event: 63.811 GC heap before
{Heap before GC invocations=212 (full 0):
 garbage-first heap   total 118784K, used 91195K [0x00000000c2c00000, 0x0000000100000000)
  region size 1024K, 69 young (70656K), 1 survivors (1024K)
 Metaspace       used 16374K, committed 16768K, reserved 1114112K
  class space    used 2037K, committed 2240K, reserved 1048576K
}
Event: 63.811 GC heap after
{Heap after GC invocations=213 (full 0):
 garbage-first heap   total 118784K, used 21559K [0x00000000c2c00000, 0x0000000100000000)
  region size 1024K, 1 young (1024K), 1 survivors (1024K)
 Metaspace       used 16374K, committed 16768K, reserved 1114112K
  class space    used 2037K, committed 2240K, reserved 1048576K
}
Event: 63.895 GC heap before
{Heap before GC invocations=213 (full 0):
 garbage-first heap   total 118784K, used 91191K [0x00000000c2c00000, 0x0000000100000000)
  region size 1024K, 69 young (70656K), 1 survivors (1024K)
 Metaspace       used 16374K, committed 16768K, reserved 1114112K
  class space    used 2037K, committed 2240K, reserved 1048576K
}
Event: 63.896 GC heap after
{Heap after GC invocations=214 (full 0):
 garbage-first heap   total 118784K, used 21561K [0x00000000c2c00000, 0x0000000100000000)
  region size 1024K, 1 young (1024K), 1 survivors (1024K)
 Metaspace       used 16374K, committed 16768K, reserved 1114112K
  class space    used 2037K, committed 2240K, reserved 1048576K
}
Event: 64.107 GC heap before
{Heap before GC invocations=214 (full 0):
 garbage-first heap   total 118784K, used 91193K [0x00000000c2c00000, 0x0000000100000000)
  region size 1024K, 69 young (70656K), 1 survivors (1024K)
 Metaspace       used 16374K, committed 16768K, reserved 1114112K
  class space    used 2037K, committed 2240K, reserved 1048576K
}
Event: 64.107 GC heap after
{Heap after GC invocations=215 (full 0):
 garbage-first heap   total 118784K, used 21563K [0x00000000c2c00000, 0x0000000100000000)
  region size 1024K, 1 young (1024K), 1 survivors (1024K)
 Metaspace       used 16374K, committed 16768K, reserved 1114112K
  class space    used 2037K, committed 2240K, reserved 1048576K
}
Event: 64.202 GC heap before
{Heap before GC invocations=215 (full 0):
 garbage-first heap   total 118784K, used 91195K [0x00000000c2c00000, 0x0000000100000000)
  region size 1024K, 69 young (70656K), 1 survivors (1024K)
 Metaspace       used 16374K, committed 16768K, reserved 1114112K
  class space    used 2037K, committed 2240K, reserved 1048576K
}
Event: 64.203 GC heap after
{Heap after GC invocations=216 (full 0):
 garbage-first heap   total 118784K, used 21563K [0x00000000c2c00000, 0x0000000100000000)
  region size 1024K, 1 young (1024K), 1 survivors (1024K)
 Metaspace       used 16374K, committed 16768K, reserved 1114112K
  class space    used 2037K, committed 2240K, reserved 1048576K
}
Event: 64.305 GC heap before
{Heap before GC invocations=216 (full 0):
 garbage-first heap   total 118784K, used 91195K [0x00000000c2c00000, 0x0000000100000000)
  region size 1024K, 69 young (70656K), 1 survivors (1024K)
 Metaspace       used 16374K, committed 16768K, reserved 1114112K
  class space    used 2037K, committed 2240K, reserved 1048576K
}
Event: 64.306 GC heap after
{Heap after GC invocations=217 (full 0):
 garbage-first heap   total 118784K, used 21563K [0x00000000c2c00000, 0x0000000100000000)
  region size 1024K, 1 young (1024K), 1 survivors (1024K)
 Metaspace       used 16374K, committed 16768K, reserved 1114112K
  class space    used 2037K, committed 2240K, reserved 1048576K
}
Event: 64.404 GC heap before
{Heap before GC invocations=217 (full 0):
 garbage-first heap   total 118784K, used 91195K [0x00000000c2c00000, 0x0000000100000000)
  region size 1024K, 69 young (70656K), 1 survivors (1024K)
 Metaspace       used 16374K, committed 16768K, reserved 1114112K
  class space    used 2037K, committed 2240K, reserved 1048576K
}

